Using pre-set license
Built from '2021.3/staging' branch; Version is '2021.3.6f1 (7da38d85baf6) revision 8233869'; Using compiler version '192829333'; Build Type 'Release'
OS: 'Windows 11  (10.0.22621) 64bit Professional' Language: 'en' Physical Memory: 16145 MB
BatchMode: 1, IsHumanControllingUs: 0, StartBugReporterOnCrash: 0, Is64bit: 1, IsPro: 1

COMMAND LINE ARGUMENTS:
C:\Program Files\Unity\Hub\Editor\2021.3.6f1\Editor\Unity.exe
-adb2
-batchMode
-noUpm
-name
AssetImportWorker4
-projectPath
C:/Users/matt/Documents/GitHub/Level-UP-Mario-Levels
-logFile
Logs/AssetImportWorker4.log
-srvPort
60331
Successfully changed project path to: C:/Users/matt/Documents/GitHub/Level-UP-Mario-Levels
C:/Users/matt/Documents/GitHub/Level-UP-Mario-Levels
[UnityMemory] Configuration Parameters - Can be set up in boot.config
    "memorysetup-bucket-allocator-granularity=16"
    "memorysetup-bucket-allocator-bucket-count=8"
    "memorysetup-bucket-allocator-block-size=33554432"
    "memorysetup-bucket-allocator-block-count=8"
    "memorysetup-main-allocator-block-size=16777216"
    "memorysetup-thread-allocator-block-size=16777216"
    "memorysetup-gfx-main-allocator-block-size=16777216"
    "memorysetup-gfx-thread-allocator-block-size=16777216"
    "memorysetup-cache-allocator-block-size=4194304"
    "memorysetup-typetree-allocator-block-size=2097152"
    "memorysetup-profiler-bucket-allocator-granularity=16"
    "memorysetup-profiler-bucket-allocator-bucket-count=8"
    "memorysetup-profiler-bucket-allocator-block-size=33554432"
    "memorysetup-profiler-bucket-allocator-block-count=8"
    "memorysetup-profiler-allocator-block-size=16777216"
    "memorysetup-profiler-editor-allocator-block-size=1048576"
    "memorysetup-temp-allocator-size-main=16777216"
    "memorysetup-job-temp-allocator-block-size=2097152"
    "memorysetup-job-temp-allocator-block-size-background=1048576"
    "memorysetup-job-temp-allocator-reduction-small-platforms=262144"
    "memorysetup-temp-allocator-size-background-worker=32768"
    "memorysetup-temp-allocator-size-job-worker=262144"
    "memorysetup-temp-allocator-size-preload-manager=33554432"
    "memorysetup-temp-allocator-size-nav-mesh-worker=65536"
    "memorysetup-temp-allocator-size-audio-worker=65536"
    "memorysetup-temp-allocator-size-cloud-worker=32768"
    "memorysetup-temp-allocator-size-gi-baking-worker=262144"
    "memorysetup-temp-allocator-size-gfx=262144"
Refreshing native plugins compatible for Editor in 101.47 ms, found 1 plugins.
Preloading 0 native plugins for Editor in 0.00 ms.
Initialize engine version: 2021.3.6f1 (7da38d85baf6)
[Subsystems] Discovering subsystems at path C:/Program Files/Unity/Hub/Editor/2021.3.6f1/Editor/Data/Resources/UnitySubsystems
[Subsystems] Discovering subsystems at path C:/Users/matt/Documents/GitHub/Level-UP-Mario-Levels/Assets
GfxDevice: creating device client; threaded=0; jobified=0
Direct3D:
    Version:  Direct3D 11.0 [level 11.1]
    Renderer: NVIDIA GeForce GTX 1650 Ti (ID=0x1f95)
    Vendor:   NVIDIA
    VRAM:     3949 MB
    Driver:   31.0.15.3179
Initialize mono
Mono path[0] = 'C:/Program Files/Unity/Hub/Editor/2021.3.6f1/Editor/Data/Managed'
Mono path[1] = 'C:/Program Files/Unity/Hub/Editor/2021.3.6f1/Editor/Data/MonoBleedingEdge/lib/mono/unityjit-win32'
Mono config path = 'C:/Program Files/Unity/Hub/Editor/2021.3.6f1/Editor/Data/MonoBleedingEdge/etc'
Using monoOptions --debugger-agent=transport=dt_socket,embedding=1,server=y,suspend=n,address=127.0.0.1:56380
Begin MonoManager ReloadAssembly
Registering precompiled unity dll's ...
Register platform support module: C:/Program Files/Unity/Hub/Editor/2021.3.6f1/Editor/Data/PlaybackEngines/WindowsStandaloneSupport/UnityEditor.WindowsStandalone.Extensions.dll
Registered in 0.006962 seconds.
Native extension for WindowsStandalone target not found
Refreshing native plugins compatible for Editor in 62.35 ms, found 1 plugins.
Preloading 0 native plugins for Editor in 0.00 ms.
Mono: successfully reloaded assembly
- Completed reload, in  0.844 seconds
Domain Reload Profiling:
	ReloadAssembly (844ms)
		BeginReloadAssembly (108ms)
			ExecutionOrderSort (0ms)
			DisableScriptedObjects (0ms)
			BackupInstance (0ms)
			ReleaseScriptingObjects (0ms)
			CreateAndSetChildDomain (1ms)
		EndReloadAssembly (570ms)
			LoadAssemblies (104ms)
			RebuildTransferFunctionScriptingTraits (0ms)
			SetupTypeCache (156ms)
			ReleaseScriptCaches (0ms)
			RebuildScriptCaches (38ms)
			SetupLoadedEditorAssemblies (307ms)
				LogAssemblyErrors (0ms)
				InitializePlatformSupportModulesInManaged (11ms)
				SetLoadedEditorAssemblies (0ms)
				RefreshPlugins (62ms)
				BeforeProcessingInitializeOnLoad (2ms)
				ProcessInitializeOnLoadAttributes (176ms)
				ProcessInitializeOnLoadMethodAttributes (55ms)
				AfterProcessingInitializeOnLoad (0ms)
				EditorAssembliesLoaded (0ms)
			ExecutionOrderSort2 (0ms)
			AwakeInstancesAfterBackupRestoration (0ms)
Platform modules already initialized, skipping
Registering precompiled user dll's ...
Registered in 0.003884 seconds.
Begin MonoManager ReloadAssembly
Native extension for WindowsStandalone target not found
Refreshing native plugins compatible for Editor in 84.27 ms, found 1 plugins.
Preloading 0 native plugins for Editor in 0.00 ms.
Mono: successfully reloaded assembly
Package Manager log level set to [2]
- Completed reload, in  1.074 seconds
Domain Reload Profiling:
	ReloadAssembly (1075ms)
		BeginReloadAssembly (145ms)
			ExecutionOrderSort (0ms)
			DisableScriptedObjects (7ms)
			BackupInstance (0ms)
			ReleaseScriptingObjects (0ms)
			CreateAndSetChildDomain (30ms)
		EndReloadAssembly (790ms)
			LoadAssemblies (96ms)
			RebuildTransferFunctionScriptingTraits (0ms)
			SetupTypeCache (184ms)
			ReleaseScriptCaches (0ms)
			RebuildScriptCaches (54ms)
			SetupLoadedEditorAssemblies (401ms)
				LogAssemblyErrors (0ms)
				InitializePlatformSupportModulesInManaged (6ms)
				SetLoadedEditorAssemblies (0ms)
				RefreshPlugins (84ms)
				BeforeProcessingInitializeOnLoad (93ms)
				ProcessInitializeOnLoadAttributes (168ms)
				ProcessInitializeOnLoadMethodAttributes (41ms)
				AfterProcessingInitializeOnLoad (8ms)
				EditorAssembliesLoaded (0ms)
			ExecutionOrderSort2 (0ms)
			AwakeInstancesAfterBackupRestoration (8ms)
Platform modules already initialized, skipping
========================================================================
Worker process is ready to serve import requests
Launched and connected shader compiler UnityShaderCompiler.exe after 0.05 seconds
Refreshing native plugins compatible for Editor in 0.76 ms, found 1 plugins.
Preloading 0 native plugins for Editor in 0.00 ms.
Unloading 2040 Unused Serialized files (Serialized files now loaded: 0)
Unloading 26 unused Assets / (55.3 KB). Loaded Objects now: 2513.
Memory consumption went from 102.2 MB to 102.2 MB.
Total: 3.179100 ms (FindLiveObjects: 0.248700 ms CreateObjectMapping: 0.172300 ms MarkObjects: 2.670100 ms  DeleteObjects: 0.086800 ms)

AssetImportParameters requested are different than current active one (requested -> active):
  custom:video-decoder-ogg-theora: a1e56fd34408186e4bbccfd4996cb3dc -> 
  custom:container-muxer-webm: aa71ff27fc2769a1b78a27578f13a17b -> 
  custom:container-demuxer-webm: 4f35f7cbe854078d1ac9338744f61a02 -> 
  custom:video-encoder-webm-vp8: eb34c28f22e8b96e1ab97ce403110664 -> 
  custom:video-codec-MediaFoundation-h265: 746d11721c4dcdbdad8f713fa42b33f4 -> 
  custom:audio-encoder-webm-vorbis: bf7c407c2cedff20999df2af8eb42d56 -> 
  custom:framework-win-MediaFoundation: 216162199b28c13a410421893ffa2e32 -> 
  custom:container-demuxer-ogg: 62fdf1f143b41e24485cea50d1cbac27 -> 
  custom:video-decoder-webm-vp8: 9c59270c3fd7afecdb556c50c9e8de78 -> 
  custom:audio-decoder-ogg-vorbis: bf7c407c2cedff20999df2af8eb42d56 -> 
========================================================================
Received Prepare
Registering precompiled user dll's ...
Registered in 0.004098 seconds.
Begin MonoManager ReloadAssembly
Native extension for WindowsStandalone target not found
Refreshing native plugins compatible for Editor in 0.66 ms, found 1 plugins.
Preloading 0 native plugins for Editor in 0.00 ms.
Mono: successfully reloaded assembly
- Completed reload, in  1.097 seconds
Domain Reload Profiling:
	ReloadAssembly (1098ms)
		BeginReloadAssembly (166ms)
			ExecutionOrderSort (0ms)
			DisableScriptedObjects (10ms)
			BackupInstance (0ms)
			ReleaseScriptingObjects (0ms)
			CreateAndSetChildDomain (43ms)
		EndReloadAssembly (793ms)
			LoadAssemblies (107ms)
			RebuildTransferFunctionScriptingTraits (0ms)
			SetupTypeCache (209ms)
			ReleaseScriptCaches (1ms)
			RebuildScriptCaches (51ms)
			SetupLoadedEditorAssemblies (356ms)
				LogAssemblyErrors (0ms)
				InitializePlatformSupportModulesInManaged (16ms)
				SetLoadedEditorAssemblies (1ms)
				RefreshPlugins (1ms)
				BeforeProcessingInitializeOnLoad (70ms)
				ProcessInitializeOnLoadAttributes (209ms)
				ProcessInitializeOnLoadMethodAttributes (48ms)
				AfterProcessingInitializeOnLoad (11ms)
				EditorAssembliesLoaded (0ms)
			ExecutionOrderSort2 (0ms)
			AwakeInstancesAfterBackupRestoration (13ms)
Platform modules already initialized, skipping
Refreshing native plugins compatible for Editor in 3.41 ms, found 1 plugins.
Preloading 0 native plugins for Editor in 0.00 ms.
Unloading 2015 Unused Serialized files (Serialized files now loaded: 0)
Unloading 14 unused Assets / (24.7 KB). Loaded Objects now: 2515.
Memory consumption went from 100.1 MB to 100.1 MB.
Total: 5.249600 ms (FindLiveObjects: 0.287700 ms CreateObjectMapping: 0.246900 ms MarkObjects: 4.663800 ms  DeleteObjects: 0.049400 ms)

AssetImportParameters requested are different than current active one (requested -> active):
  custom:video-decoder-ogg-theora: a1e56fd34408186e4bbccfd4996cb3dc -> 
  custom:container-muxer-webm: aa71ff27fc2769a1b78a27578f13a17b -> 
  custom:container-demuxer-webm: 4f35f7cbe854078d1ac9338744f61a02 -> 
  custom:video-encoder-webm-vp8: eb34c28f22e8b96e1ab97ce403110664 -> 
  custom:video-codec-MediaFoundation-h265: 746d11721c4dcdbdad8f713fa42b33f4 -> 
  custom:audio-encoder-webm-vorbis: bf7c407c2cedff20999df2af8eb42d56 -> 
  custom:framework-win-MediaFoundation: 216162199b28c13a410421893ffa2e32 -> 
  custom:container-demuxer-ogg: 62fdf1f143b41e24485cea50d1cbac27 -> 
  custom:video-decoder-webm-vp8: 9c59270c3fd7afecdb556c50c9e8de78 -> 
  custom:audio-decoder-ogg-vorbis: bf7c407c2cedff20999df2af8eb42d56 -> 
========================================================================
Received Import Request.
  Time since last request: 946593.589451 seconds.
  path: Assets/Prefabs/Enemies/Common/Green Shell.prefab
  artifactKey: Guid(984221b369edc2046b1367ff08c05bf4) Importer(815301076,1909f56bfc062723c751e8b465ee728b)
Start importing Assets/Prefabs/Enemies/Common/Green Shell.prefab using Guid(984221b369edc2046b1367ff08c05bf4) Importer(815301076,1909f56bfc062723c751e8b465ee728b)  -> (artifact id: 'd14c98b0b6d8ea485fcbdb55bc2e2cc3') in 0.207031 seconds 
========================================================================
Received Import Request.
  Time since last request: 0.000051 seconds.
  path: Assets/Prefabs/Enemies/Common/Spiny.prefab
  artifactKey: Guid(71a52c4ad23203b4780e9304f58c0f48) Importer(815301076,1909f56bfc062723c751e8b465ee728b)
Start importing Assets/Prefabs/Enemies/Common/Spiny.prefab using Guid(71a52c4ad23203b4780e9304f58c0f48) Importer(815301076,1909f56bfc062723c751e8b465ee728b)  -> (artifact id: '74c8721e7c06a8a38ae53f7af5dd81df') in 0.021892 seconds 
========================================================================
Received Import Request.
  Time since last request: 0.000035 seconds.
  path: Assets/Prefabs/Enemies/Common/Bomb-omb.prefab
  artifactKey: Guid(aa486fa6eb388604abfb75f39fa05775) Importer(815301076,1909f56bfc062723c751e8b465ee728b)
Start importing Assets/Prefabs/Enemies/Common/Bomb-omb.prefab using Guid(aa486fa6eb388604abfb75f39fa05775) Importer(815301076,1909f56bfc062723c751e8b465ee728b)  -> (artifact id: '188203b916b0a73939bca5918a928c21') in 0.046514 seconds 
========================================================================
Received Import Request.
  Time since last request: 69.142333 seconds.
  path: Assets/Prefabs/Enemies/Common/Bomb-omb.prefab
  artifactKey: Guid(aa486fa6eb388604abfb75f39fa05775) Importer(815301076,1909f56bfc062723c751e8b465ee728b)
Start importing Assets/Prefabs/Enemies/Common/Bomb-omb.prefab using Guid(aa486fa6eb388604abfb75f39fa05775) Importer(815301076,1909f56bfc062723c751e8b465ee728b)  -> (artifact id: '706551809db770dfd3472917aa968790') in 0.025883 seconds 
========================================================================
Received Import Request.
  Time since last request: 15.290551 seconds.
  path: Assets/Prefabs/Enemies/Common/Bomb-omb.prefab
  artifactKey: Guid(aa486fa6eb388604abfb75f39fa05775) Importer(815301076,1909f56bfc062723c751e8b465ee728b)
Start importing Assets/Prefabs/Enemies/Common/Bomb-omb.prefab using Guid(aa486fa6eb388604abfb75f39fa05775) Importer(815301076,1909f56bfc062723c751e8b465ee728b)  -> (artifact id: '98f586ba6da273930051502393f38fac') in 0.021406 seconds 
========================================================================
Received Import Request.
  Time since last request: 7.920203 seconds.
  path: Assets/Prefabs/Enemies/Common/Bomb-omb.prefab
  artifactKey: Guid(aa486fa6eb388604abfb75f39fa05775) Importer(815301076,1909f56bfc062723c751e8b465ee728b)
Start importing Assets/Prefabs/Enemies/Common/Bomb-omb.prefab using Guid(aa486fa6eb388604abfb75f39fa05775) Importer(815301076,1909f56bfc062723c751e8b465ee728b)  -> (artifact id: '6c5c5f8d2c91ded92ab3384c6f126e9b') in 0.022773 seconds 
========================================================================
Received Import Request.
  Time since last request: 92.674873 seconds.
  path: Assets/Prefabs/Enemies/Common/Bomb-omb.prefab
  artifactKey: Guid(aa486fa6eb388604abfb75f39fa05775) Importer(815301076,1909f56bfc062723c751e8b465ee728b)
Start importing Assets/Prefabs/Enemies/Common/Bomb-omb.prefab using Guid(aa486fa6eb388604abfb75f39fa05775) Importer(815301076,1909f56bfc062723c751e8b465ee728b)  -> (artifact id: 'd6aed2da74af4295e6e071201647da0d') in 0.030090 seconds 
========================================================================
Received Import Request.
  Time since last request: 6.373498 seconds.
  path: Assets/Prefabs/Enemies/Common/Bomb-omb.prefab
  artifactKey: Guid(aa486fa6eb388604abfb75f39fa05775) Importer(815301076,1909f56bfc062723c751e8b465ee728b)
Start importing Assets/Prefabs/Enemies/Common/Bomb-omb.prefab using Guid(aa486fa6eb388604abfb75f39fa05775) Importer(815301076,1909f56bfc062723c751e8b465ee728b)  -> (artifact id: 'd21ae738a467460f20af0b441fe876be') in 0.024798 seconds 
========================================================================
Received Import Request.
  Time since last request: 1.653612 seconds.
  path: Assets/Prefabs/Enemies/Common/Bomb-omb.prefab
  artifactKey: Guid(aa486fa6eb388604abfb75f39fa05775) Importer(815301076,1909f56bfc062723c751e8b465ee728b)
Start importing Assets/Prefabs/Enemies/Common/Bomb-omb.prefab using Guid(aa486fa6eb388604abfb75f39fa05775) Importer(815301076,1909f56bfc062723c751e8b465ee728b)  -> (artifact id: '32f83b1d7c40f17bd2c676cdee7cd2fa') in 0.020672 seconds 
========================================================================
Received Import Request.
  Time since last request: 1.032866 seconds.
  path: Assets/Prefabs/Enemies/Common/Bomb-omb.prefab
  artifactKey: Guid(aa486fa6eb388604abfb75f39fa05775) Importer(815301076,1909f56bfc062723c751e8b465ee728b)
Start importing Assets/Prefabs/Enemies/Common/Bomb-omb.prefab using Guid(aa486fa6eb388604abfb75f39fa05775) Importer(815301076,1909f56bfc062723c751e8b465ee728b)  -> (artifact id: '58c1ce0abeb46f444540aa9454188a70') in 0.023953 seconds 
========================================================================
Received Import Request.
  Time since last request: 12.477669 seconds.
  path: Assets/Prefabs/Enemies/Common/Bomb-omb.prefab
  artifactKey: Guid(aa486fa6eb388604abfb75f39fa05775) Importer(815301076,1909f56bfc062723c751e8b465ee728b)
Start importing Assets/Prefabs/Enemies/Common/Bomb-omb.prefab using Guid(aa486fa6eb388604abfb75f39fa05775) Importer(815301076,1909f56bfc062723c751e8b465ee728b)  -> (artifact id: '5c019e3da6f975ec298e66478f54d3b3') in 0.026460 seconds 
========================================================================
Received Import Request.
  Time since last request: 15.882869 seconds.
  path: Assets/Prefabs/Enemies/Common/Bomb-omb.prefab
  artifactKey: Guid(aa486fa6eb388604abfb75f39fa05775) Importer(815301076,1909f56bfc062723c751e8b465ee728b)
Start importing Assets/Prefabs/Enemies/Common/Bomb-omb.prefab using Guid(aa486fa6eb388604abfb75f39fa05775) Importer(815301076,1909f56bfc062723c751e8b465ee728b)  -> (artifact id: '02a2824e9f10a7ced4ebc6aa5ac1e7f4') in 0.029140 seconds 
========================================================================
Received Prepare
Registering precompiled user dll's ...
Registered in 0.004201 seconds.
Begin MonoManager ReloadAssembly
Native extension for WindowsStandalone target not found
Refreshing native plugins compatible for Editor in 0.89 ms, found 1 plugins.
Preloading 0 native plugins for Editor in 0.00 ms.
Mono: successfully reloaded assembly
- Completed reload, in  1.052 seconds
Domain Reload Profiling:
	ReloadAssembly (1053ms)
		BeginReloadAssembly (165ms)
			ExecutionOrderSort (0ms)
			DisableScriptedObjects (13ms)
			BackupInstance (0ms)
			ReleaseScriptingObjects (0ms)
			CreateAndSetChildDomain (35ms)
		EndReloadAssembly (765ms)
			LoadAssemblies (97ms)
			RebuildTransferFunctionScriptingTraits (0ms)
			SetupTypeCache (207ms)
			ReleaseScriptCaches (1ms)
			RebuildScriptCaches (50ms)
			SetupLoadedEditorAssemblies (336ms)
				LogAssemblyErrors (0ms)
				InitializePlatformSupportModulesInManaged (15ms)
				SetLoadedEditorAssemblies (1ms)
				RefreshPlugins (1ms)
				BeforeProcessingInitializeOnLoad (77ms)
				ProcessInitializeOnLoadAttributes (189ms)
				ProcessInitializeOnLoadMethodAttributes (43ms)
				AfterProcessingInitializeOnLoad (10ms)
				EditorAssembliesLoaded (0ms)
			ExecutionOrderSort2 (0ms)
			AwakeInstancesAfterBackupRestoration (12ms)
Platform modules already initialized, skipping
Refreshing native plugins compatible for Editor in 1.85 ms, found 1 plugins.
Preloading 0 native plugins for Editor in 0.00 ms.
Unloading 2015 Unused Serialized files (Serialized files now loaded: 0)
Unloading 13 unused Assets / (24.6 KB). Loaded Objects now: 2524.
Memory consumption went from 104.1 MB to 104.0 MB.
Total: 3.009300 ms (FindLiveObjects: 0.202500 ms CreateObjectMapping: 0.100400 ms MarkObjects: 2.680300 ms  DeleteObjects: 0.024900 ms)

AssetImportParameters requested are different than current active one (requested -> active):
  custom:video-decoder-ogg-theora: a1e56fd34408186e4bbccfd4996cb3dc -> 
  custom:container-muxer-webm: aa71ff27fc2769a1b78a27578f13a17b -> 
  custom:container-demuxer-webm: 4f35f7cbe854078d1ac9338744f61a02 -> 
  custom:video-encoder-webm-vp8: eb34c28f22e8b96e1ab97ce403110664 -> 
  custom:video-codec-MediaFoundation-h265: 746d11721c4dcdbdad8f713fa42b33f4 -> 
  custom:audio-encoder-webm-vorbis: bf7c407c2cedff20999df2af8eb42d56 -> 
  custom:framework-win-MediaFoundation: 216162199b28c13a410421893ffa2e32 -> 
  custom:container-demuxer-ogg: 62fdf1f143b41e24485cea50d1cbac27 -> 
  custom:video-decoder-webm-vp8: 9c59270c3fd7afecdb556c50c9e8de78 -> 
  custom:audio-decoder-ogg-vorbis: bf7c407c2cedff20999df2af8eb42d56 -> 
========================================================================
Received Import Request.
  Time since last request: 84.237397 seconds.
  path: Assets/Prefabs/Enemies/Common/Green Shell.prefab
  artifactKey: Guid(984221b369edc2046b1367ff08c05bf4) Importer(815301076,1909f56bfc062723c751e8b465ee728b)
Start importing Assets/Prefabs/Enemies/Common/Green Shell.prefab using Guid(984221b369edc2046b1367ff08c05bf4) Importer(815301076,1909f56bfc062723c751e8b465ee728b)  -> (artifact id: 'c9865a24445269b6b71cde2332a56e11') in 0.088527 seconds 
========================================================================
Received Import Request.
  Time since last request: 0.000027 seconds.
  path: Assets/Prefabs/Enemies/Common/Spiny.prefab
  artifactKey: Guid(71a52c4ad23203b4780e9304f58c0f48) Importer(815301076,1909f56bfc062723c751e8b465ee728b)
Start importing Assets/Prefabs/Enemies/Common/Spiny.prefab using Guid(71a52c4ad23203b4780e9304f58c0f48) Importer(815301076,1909f56bfc062723c751e8b465ee728b)  -> (artifact id: '4cf7749b8f25e44bff55c2e94ac4a8a5') in 0.017638 seconds 
========================================================================
Received Import Request.
  Time since last request: 0.000028 seconds.
  path: Assets/Prefabs/Enemies/Common/Green Koopa.prefab
  artifactKey: Guid(074b484221f275a45aaf0fbd0a50fc0d) Importer(815301076,1909f56bfc062723c751e8b465ee728b)
Start importing Assets/Prefabs/Enemies/Common/Green Koopa.prefab using Guid(074b484221f275a45aaf0fbd0a50fc0d) Importer(815301076,1909f56bfc062723c751e8b465ee728b)  -> (artifact id: '4355dd76c814f10a3d6905a656088503') in 0.022123 seconds 
========================================================================
Received Import Request.
  Time since last request: 0.000026 seconds.
  path: Assets/Prefabs/Enemies/Common/Bomb-omb.prefab
  artifactKey: Guid(aa486fa6eb388604abfb75f39fa05775) Importer(815301076,1909f56bfc062723c751e8b465ee728b)
Start importing Assets/Prefabs/Enemies/Common/Bomb-omb.prefab using Guid(aa486fa6eb388604abfb75f39fa05775) Importer(815301076,1909f56bfc062723c751e8b465ee728b)  -> (artifact id: '53938839d0583b4a88cf33a15e1f7a8b') in 0.028001 seconds 
========================================================================
Received Import Request.
  Time since last request: 41.830598 seconds.
  path: Assets/Prefabs/Enemies/Common/Bomb-omb.prefab
  artifactKey: Guid(aa486fa6eb388604abfb75f39fa05775) Importer(815301076,1909f56bfc062723c751e8b465ee728b)
Start importing Assets/Prefabs/Enemies/Common/Bomb-omb.prefab using Guid(aa486fa6eb388604abfb75f39fa05775) Importer(815301076,1909f56bfc062723c751e8b465ee728b)  -> (artifact id: '537fed024114820cf303a0eac564d9d8') in 0.024507 seconds 
========================================================================
Received Import Request.
  Time since last request: 40.429421 seconds.
  path: Assets/Prefabs/Enemies/Common/Goomba.prefab
  artifactKey: Guid(765dd5d9ad5f48340b79804d4bb035d1) Importer(815301076,1909f56bfc062723c751e8b465ee728b)
Start importing Assets/Prefabs/Enemies/Common/Goomba.prefab using Guid(765dd5d9ad5f48340b79804d4bb035d1) Importer(815301076,1909f56bfc062723c751e8b465ee728b)  -> (artifact id: '44747865c427e99ddd4763ec267f3f78') in 0.013133 seconds 
========================================================================
Received Import Request.
  Time since last request: 6.504413 seconds.
  path: Assets/Prefabs/Enemies/Common/Goomba.prefab
  artifactKey: Guid(765dd5d9ad5f48340b79804d4bb035d1) Importer(815301076,1909f56bfc062723c751e8b465ee728b)
Start importing Assets/Prefabs/Enemies/Common/Goomba.prefab using Guid(765dd5d9ad5f48340b79804d4bb035d1) Importer(815301076,1909f56bfc062723c751e8b465ee728b)  -> (artifact id: '232eca2d824210fab710039f3d60546d') in 0.012603 seconds 
========================================================================
Received Import Request.
  Time since last request: 2.311931 seconds.
  path: Assets/Prefabs/Enemies/Common/Goomba.prefab
  artifactKey: Guid(765dd5d9ad5f48340b79804d4bb035d1) Importer(815301076,1909f56bfc062723c751e8b465ee728b)
Start importing Assets/Prefabs/Enemies/Common/Goomba.prefab using Guid(765dd5d9ad5f48340b79804d4bb035d1) Importer(815301076,1909f56bfc062723c751e8b465ee728b)  -> (artifact id: '8f0e5199c9085a900849e346adbf0cf1') in 0.013759 seconds 
========================================================================
Received Import Request.
  Time since last request: 1.444112 seconds.
  path: Assets/Prefabs/Enemies/Common/Goomba.prefab
  artifactKey: Guid(765dd5d9ad5f48340b79804d4bb035d1) Importer(815301076,1909f56bfc062723c751e8b465ee728b)
Start importing Assets/Prefabs/Enemies/Common/Goomba.prefab using Guid(765dd5d9ad5f48340b79804d4bb035d1) Importer(815301076,1909f56bfc062723c751e8b465ee728b)  -> (artifact id: '6356b9826e529375d09df56536b0883f') in 0.013387 seconds 
========================================================================
Received Import Request.
  Time since last request: 1.037866 seconds.
  path: Assets/Prefabs/Enemies/Common/Goomba.prefab
  artifactKey: Guid(765dd5d9ad5f48340b79804d4bb035d1) Importer(815301076,1909f56bfc062723c751e8b465ee728b)
Start importing Assets/Prefabs/Enemies/Common/Goomba.prefab using Guid(765dd5d9ad5f48340b79804d4bb035d1) Importer(815301076,1909f56bfc062723c751e8b465ee728b)  -> (artifact id: '29ae2358cfcdb0d58e2fedb3e2e8b716') in 0.012237 seconds 
========================================================================
Received Import Request.
  Time since last request: 8.809074 seconds.
  path: Assets/Prefabs/Enemies/Common/Goomba.prefab
  artifactKey: Guid(765dd5d9ad5f48340b79804d4bb035d1) Importer(815301076,1909f56bfc062723c751e8b465ee728b)
Start importing Assets/Prefabs/Enemies/Common/Goomba.prefab using Guid(765dd5d9ad5f48340b79804d4bb035d1) Importer(815301076,1909f56bfc062723c751e8b465ee728b)  -> (artifact id: '456dbfe7d2cf013b1a019942ddb4ded2') in 0.013227 seconds 
========================================================================
Received Import Request.
  Time since last request: 24.613613 seconds.
  path: Assets/Prefabs/Enemies/Common/Goomba.prefab
  artifactKey: Guid(765dd5d9ad5f48340b79804d4bb035d1) Importer(815301076,1909f56bfc062723c751e8b465ee728b)
Start importing Assets/Prefabs/Enemies/Common/Goomba.prefab using Guid(765dd5d9ad5f48340b79804d4bb035d1) Importer(815301076,1909f56bfc062723c751e8b465ee728b)  -> (artifact id: '5870145ce1598469ea6029237e836573') in 0.016075 seconds 
========================================================================
Received Import Request.
  Time since last request: 22.264986 seconds.
  path: Assets/Prefabs/Enemies/Common/Green Koopa.prefab
  artifactKey: Guid(074b484221f275a45aaf0fbd0a50fc0d) Importer(815301076,1909f56bfc062723c751e8b465ee728b)
Start importing Assets/Prefabs/Enemies/Common/Green Koopa.prefab using Guid(074b484221f275a45aaf0fbd0a50fc0d) Importer(815301076,1909f56bfc062723c751e8b465ee728b)  -> (artifact id: '8aecf67331463fe314be99f8513ec25b') in 0.015948 seconds 
========================================================================
Received Import Request.
  Time since last request: 5.408066 seconds.
  path: Assets/Prefabs/Enemies/Common/Green Koopa.prefab
  artifactKey: Guid(074b484221f275a45aaf0fbd0a50fc0d) Importer(815301076,1909f56bfc062723c751e8b465ee728b)
Start importing Assets/Prefabs/Enemies/Common/Green Koopa.prefab using Guid(074b484221f275a45aaf0fbd0a50fc0d) Importer(815301076,1909f56bfc062723c751e8b465ee728b)  -> (artifact id: 'b99418cec95e0db33dd99dbad72cf35a') in 0.016918 seconds 
========================================================================
Received Import Request.
  Time since last request: 1.672680 seconds.
  path: Assets/Prefabs/Enemies/Common/Green Koopa.prefab
  artifactKey: Guid(074b484221f275a45aaf0fbd0a50fc0d) Importer(815301076,1909f56bfc062723c751e8b465ee728b)
Start importing Assets/Prefabs/Enemies/Common/Green Koopa.prefab using Guid(074b484221f275a45aaf0fbd0a50fc0d) Importer(815301076,1909f56bfc062723c751e8b465ee728b)  -> (artifact id: 'ea9a05d4325f3ce2b759711a1b02ad53') in 0.017866 seconds 
========================================================================
Received Prepare
Registering precompiled user dll's ...
Registered in 0.003667 seconds.
Begin MonoManager ReloadAssembly
Native extension for WindowsStandalone target not found
Refreshing native plugins compatible for Editor in 0.63 ms, found 1 plugins.
Preloading 0 native plugins for Editor in 0.00 ms.
Mono: successfully reloaded assembly
- Completed reload, in  0.967 seconds
Domain Reload Profiling:
	ReloadAssembly (967ms)
		BeginReloadAssembly (143ms)
			ExecutionOrderSort (0ms)
			DisableScriptedObjects (8ms)
			BackupInstance (0ms)
			ReleaseScriptingObjects (0ms)
			CreateAndSetChildDomain (32ms)
		EndReloadAssembly (690ms)
			LoadAssemblies (90ms)
			RebuildTransferFunctionScriptingTraits (0ms)
			SetupTypeCache (182ms)
			ReleaseScriptCaches (1ms)
			RebuildScriptCaches (43ms)
			SetupLoadedEditorAssemblies (314ms)
				LogAssemblyErrors (0ms)
				InitializePlatformSupportModulesInManaged (14ms)
				SetLoadedEditorAssemblies (1ms)
				RefreshPlugins (1ms)
				BeforeProcessingInitializeOnLoad (70ms)
				ProcessInitializeOnLoadAttributes (179ms)
				ProcessInitializeOnLoadMethodAttributes (40ms)
				AfterProcessingInitializeOnLoad (9ms)
				EditorAssembliesLoaded (0ms)
			ExecutionOrderSort2 (0ms)
			AwakeInstancesAfterBackupRestoration (11ms)
Platform modules already initialized, skipping
Refreshing native plugins compatible for Editor in 2.13 ms, found 1 plugins.
Preloading 0 native plugins for Editor in 0.00 ms.
Unloading 2015 Unused Serialized files (Serialized files now loaded: 0)
Unloading 13 unused Assets / (24.7 KB). Loaded Objects now: 2527.
Memory consumption went from 104.1 MB to 104.1 MB.
Total: 3.985200 ms (FindLiveObjects: 0.242200 ms CreateObjectMapping: 0.107100 ms MarkObjects: 3.606200 ms  DeleteObjects: 0.028100 ms)

AssetImportParameters requested are different than current active one (requested -> active):
  custom:video-decoder-ogg-theora: a1e56fd34408186e4bbccfd4996cb3dc -> 
  custom:container-muxer-webm: aa71ff27fc2769a1b78a27578f13a17b -> 
  custom:container-demuxer-webm: 4f35f7cbe854078d1ac9338744f61a02 -> 
  custom:video-encoder-webm-vp8: eb34c28f22e8b96e1ab97ce403110664 -> 
  custom:video-codec-MediaFoundation-h265: 746d11721c4dcdbdad8f713fa42b33f4 -> 
  custom:audio-encoder-webm-vorbis: bf7c407c2cedff20999df2af8eb42d56 -> 
  custom:framework-win-MediaFoundation: 216162199b28c13a410421893ffa2e32 -> 
  custom:container-demuxer-ogg: 62fdf1f143b41e24485cea50d1cbac27 -> 
  custom:video-decoder-webm-vp8: 9c59270c3fd7afecdb556c50c9e8de78 -> 
  custom:audio-decoder-ogg-vorbis: bf7c407c2cedff20999df2af8eb42d56 -> 
========================================================================
Received Prepare
Registering precompiled user dll's ...
Registered in 0.003424 seconds.
Begin MonoManager ReloadAssembly
Native extension for WindowsStandalone target not found
Refreshing native plugins compatible for Editor in 0.69 ms, found 1 plugins.
Preloading 0 native plugins for Editor in 0.00 ms.
Mono: successfully reloaded assembly
- Completed reload, in  1.072 seconds
Domain Reload Profiling:
	ReloadAssembly (1073ms)
		BeginReloadAssembly (181ms)
			ExecutionOrderSort (0ms)
			DisableScriptedObjects (10ms)
			BackupInstance (0ms)
			ReleaseScriptingObjects (0ms)
			CreateAndSetChildDomain (30ms)
		EndReloadAssembly (739ms)
			LoadAssemblies (130ms)
			RebuildTransferFunctionScriptingTraits (0ms)
			SetupTypeCache (218ms)
			ReleaseScriptCaches (1ms)
			RebuildScriptCaches (56ms)
			SetupLoadedEditorAssemblies (311ms)
				LogAssemblyErrors (0ms)
				InitializePlatformSupportModulesInManaged (16ms)
				SetLoadedEditorAssemblies (1ms)
				RefreshPlugins (1ms)
				BeforeProcessingInitializeOnLoad (73ms)
				ProcessInitializeOnLoadAttributes (173ms)
				ProcessInitializeOnLoadMethodAttributes (37ms)
				AfterProcessingInitializeOnLoad (9ms)
				EditorAssembliesLoaded (0ms)
			ExecutionOrderSort2 (0ms)
			AwakeInstancesAfterBackupRestoration (12ms)
Platform modules already initialized, skipping
Refreshing native plugins compatible for Editor in 2.04 ms, found 1 plugins.
Preloading 0 native plugins for Editor in 0.00 ms.
Unloading 2015 Unused Serialized files (Serialized files now loaded: 0)
Unloading 13 unused Assets / (24.7 KB). Loaded Objects now: 2530.
Memory consumption went from 104.1 MB to 104.1 MB.
Total: 3.548500 ms (FindLiveObjects: 0.193700 ms CreateObjectMapping: 0.089700 ms MarkObjects: 3.231000 ms  DeleteObjects: 0.033100 ms)

AssetImportParameters requested are different than current active one (requested -> active):
  custom:video-decoder-ogg-theora: a1e56fd34408186e4bbccfd4996cb3dc -> 
  custom:container-muxer-webm: aa71ff27fc2769a1b78a27578f13a17b -> 
  custom:container-demuxer-webm: 4f35f7cbe854078d1ac9338744f61a02 -> 
  custom:video-encoder-webm-vp8: eb34c28f22e8b96e1ab97ce403110664 -> 
  custom:video-codec-MediaFoundation-h265: 746d11721c4dcdbdad8f713fa42b33f4 -> 
  custom:audio-encoder-webm-vorbis: bf7c407c2cedff20999df2af8eb42d56 -> 
  custom:framework-win-MediaFoundation: 216162199b28c13a410421893ffa2e32 -> 
  custom:container-demuxer-ogg: 62fdf1f143b41e24485cea50d1cbac27 -> 
  custom:video-decoder-webm-vp8: 9c59270c3fd7afecdb556c50c9e8de78 -> 
  custom:audio-decoder-ogg-vorbis: bf7c407c2cedff20999df2af8eb42d56 -> 
========================================================================
Received Import Request.
  Time since last request: 140.087988 seconds.
  path: Assets/Prefabs/Enemies/Common/Goomba.prefab
  artifactKey: Guid(765dd5d9ad5f48340b79804d4bb035d1) Importer(815301076,1909f56bfc062723c751e8b465ee728b)
Start importing Assets/Prefabs/Enemies/Common/Goomba.prefab using Guid(765dd5d9ad5f48340b79804d4bb035d1) Importer(815301076,1909f56bfc062723c751e8b465ee728b)  -> (artifact id: '24600653e451ca828b596bb34095ffcb') in 0.081532 seconds 
========================================================================
Received Import Request.
  Time since last request: 0.000019 seconds.
  path: Assets/Prefabs/Enemies/Common/Spiny.prefab
  artifactKey: Guid(71a52c4ad23203b4780e9304f58c0f48) Importer(815301076,1909f56bfc062723c751e8b465ee728b)
Start importing Assets/Prefabs/Enemies/Common/Spiny.prefab using Guid(71a52c4ad23203b4780e9304f58c0f48) Importer(815301076,1909f56bfc062723c751e8b465ee728b)  -> (artifact id: '08e900c32a0e67ed5653b292fb32213d') in 0.013812 seconds 
========================================================================
Received Import Request.
  Time since last request: 0.000021 seconds.
  path: Assets/Prefabs/Enemies/Common/Green Koopa.prefab
  artifactKey: Guid(074b484221f275a45aaf0fbd0a50fc0d) Importer(815301076,1909f56bfc062723c751e8b465ee728b)
Start importing Assets/Prefabs/Enemies/Common/Green Koopa.prefab using Guid(074b484221f275a45aaf0fbd0a50fc0d) Importer(815301076,1909f56bfc062723c751e8b465ee728b)  -> (artifact id: '3e83fc213c646e8de055f5a61a27d616') in 0.019597 seconds 
========================================================================
Received Import Request.
  Time since last request: 0.000024 seconds.
  path: Assets/Prefabs/Enemies/Common/Bomb-omb.prefab
  artifactKey: Guid(aa486fa6eb388604abfb75f39fa05775) Importer(815301076,1909f56bfc062723c751e8b465ee728b)
Start importing Assets/Prefabs/Enemies/Common/Bomb-omb.prefab using Guid(aa486fa6eb388604abfb75f39fa05775) Importer(815301076,1909f56bfc062723c751e8b465ee728b)  -> (artifact id: 'a98c905c2ddf4bc8d29f28acce00f15a') in 0.025185 seconds 
========================================================================
Received Import Request.
  Time since last request: 11.210574 seconds.
  path: Assets/Prefabs/Enemies/Common/Bomb-omb.prefab
  artifactKey: Guid(aa486fa6eb388604abfb75f39fa05775) Importer(815301076,1909f56bfc062723c751e8b465ee728b)
Start importing Assets/Prefabs/Enemies/Common/Bomb-omb.prefab using Guid(aa486fa6eb388604abfb75f39fa05775) Importer(815301076,1909f56bfc062723c751e8b465ee728b)  -> (artifact id: 'b6c48be8ed9cddb3cc1b96c7ca2167b3') in 0.023216 seconds 
========================================================================
Received Prepare
Registering precompiled user dll's ...
Registered in 0.005669 seconds.
Begin MonoManager ReloadAssembly
Native extension for WindowsStandalone target not found
Refreshing native plugins compatible for Editor in 0.67 ms, found 1 plugins.
Preloading 0 native plugins for Editor in 0.00 ms.
Mono: successfully reloaded assembly
- Completed reload, in  1.035 seconds
Domain Reload Profiling:
	ReloadAssembly (1036ms)
		BeginReloadAssembly (161ms)
			ExecutionOrderSort (0ms)
			DisableScriptedObjects (9ms)
			BackupInstance (0ms)
			ReleaseScriptingObjects (0ms)
			CreateAndSetChildDomain (36ms)
		EndReloadAssembly (728ms)
			LoadAssemblies (107ms)
			RebuildTransferFunctionScriptingTraits (0ms)
			SetupTypeCache (207ms)
			ReleaseScriptCaches (1ms)
			RebuildScriptCaches (50ms)
			SetupLoadedEditorAssemblies (302ms)
				LogAssemblyErrors (0ms)
				InitializePlatformSupportModulesInManaged (14ms)
				SetLoadedEditorAssemblies (1ms)
				RefreshPlugins (1ms)
				BeforeProcessingInitializeOnLoad (66ms)
				ProcessInitializeOnLoadAttributes (170ms)
				ProcessInitializeOnLoadMethodAttributes (40ms)
				AfterProcessingInitializeOnLoad (10ms)
				EditorAssembliesLoaded (0ms)
			ExecutionOrderSort2 (0ms)
			AwakeInstancesAfterBackupRestoration (10ms)
Platform modules already initialized, skipping
Refreshing native plugins compatible for Editor in 2.67 ms, found 1 plugins.
Preloading 0 native plugins for Editor in 0.00 ms.
Unloading 2015 Unused Serialized files (Serialized files now loaded: 0)
Unloading 13 unused Assets / (24.6 KB). Loaded Objects now: 2533.
Memory consumption went from 104.1 MB to 104.1 MB.
Total: 2.897300 ms (FindLiveObjects: 0.183000 ms CreateObjectMapping: 0.079300 ms MarkObjects: 2.613500 ms  DeleteObjects: 0.020600 ms)

AssetImportParameters requested are different than current active one (requested -> active):
  custom:video-decoder-ogg-theora: a1e56fd34408186e4bbccfd4996cb3dc -> 
  custom:container-muxer-webm: aa71ff27fc2769a1b78a27578f13a17b -> 
  custom:container-demuxer-webm: 4f35f7cbe854078d1ac9338744f61a02 -> 
  custom:video-encoder-webm-vp8: eb34c28f22e8b96e1ab97ce403110664 -> 
  custom:video-codec-MediaFoundation-h265: 746d11721c4dcdbdad8f713fa42b33f4 -> 
  custom:audio-encoder-webm-vorbis: bf7c407c2cedff20999df2af8eb42d56 -> 
  custom:framework-win-MediaFoundation: 216162199b28c13a410421893ffa2e32 -> 
  custom:container-demuxer-ogg: 62fdf1f143b41e24485cea50d1cbac27 -> 
  custom:video-decoder-webm-vp8: 9c59270c3fd7afecdb556c50c9e8de78 -> 
  custom:audio-decoder-ogg-vorbis: bf7c407c2cedff20999df2af8eb42d56 -> 
========================================================================
Received Import Request.
  Time since last request: 22.805626 seconds.
  path: Assets/Prefabs/Enemies/Common/Goomba.prefab
  artifactKey: Guid(765dd5d9ad5f48340b79804d4bb035d1) Importer(815301076,1909f56bfc062723c751e8b465ee728b)
Start importing Assets/Prefabs/Enemies/Common/Goomba.prefab using Guid(765dd5d9ad5f48340b79804d4bb035d1) Importer(815301076,1909f56bfc062723c751e8b465ee728b)  -> (artifact id: 'ae4fa167f06b475f70e9c9d044ca395a') in 0.067715 seconds 
========================================================================
Received Import Request.
  Time since last request: 13.108534 seconds.
  path: Assets/Prefabs/Enemies/Common/Green Koopa.prefab
  artifactKey: Guid(074b484221f275a45aaf0fbd0a50fc0d) Importer(815301076,1909f56bfc062723c751e8b465ee728b)
Start importing Assets/Prefabs/Enemies/Common/Green Koopa.prefab using Guid(074b484221f275a45aaf0fbd0a50fc0d) Importer(815301076,1909f56bfc062723c751e8b465ee728b)  -> (artifact id: 'd99528f431b9757ad084e3eb0d6556a6') in 0.015870 seconds 
========================================================================
Received Prepare
Registering precompiled user dll's ...
Registered in 0.006185 seconds.
Begin MonoManager ReloadAssembly
Native extension for WindowsStandalone target not found
Refreshing native plugins compatible for Editor in 0.83 ms, found 1 plugins.
Preloading 0 native plugins for Editor in 0.00 ms.
Mono: successfully reloaded assembly
- Completed reload, in  1.021 seconds
Domain Reload Profiling:
	ReloadAssembly (1022ms)
		BeginReloadAssembly (146ms)
			ExecutionOrderSort (0ms)
			DisableScriptedObjects (8ms)
			BackupInstance (0ms)
			ReleaseScriptingObjects (0ms)
			CreateAndSetChildDomain (29ms)
		EndReloadAssembly (741ms)
			LoadAssemblies (97ms)
			RebuildTransferFunctionScriptingTraits (0ms)
			SetupTypeCache (186ms)
			ReleaseScriptCaches (1ms)
			RebuildScriptCaches (46ms)
			SetupLoadedEditorAssemblies (348ms)
				LogAssemblyErrors (0ms)
				InitializePlatformSupportModulesInManaged (16ms)
				SetLoadedEditorAssemblies (1ms)
				RefreshPlugins (1ms)
				BeforeProcessingInitializeOnLoad (77ms)
				ProcessInitializeOnLoadAttributes (197ms)
				ProcessInitializeOnLoadMethodAttributes (47ms)
				AfterProcessingInitializeOnLoad (9ms)
				EditorAssembliesLoaded (0ms)
			ExecutionOrderSort2 (0ms)
			AwakeInstancesAfterBackupRestoration (12ms)
Platform modules already initialized, skipping
Refreshing native plugins compatible for Editor in 2.76 ms, found 1 plugins.
Preloading 0 native plugins for Editor in 0.00 ms.
Unloading 2015 Unused Serialized files (Serialized files now loaded: 0)
Unloading 13 unused Assets / (24.7 KB). Loaded Objects now: 2536.
Memory consumption went from 104.1 MB to 104.1 MB.
Total: 2.915700 ms (FindLiveObjects: 0.193500 ms CreateObjectMapping: 0.105500 ms MarkObjects: 2.592800 ms  DeleteObjects: 0.022600 ms)

AssetImportParameters requested are different than current active one (requested -> active):
  custom:video-decoder-ogg-theora: a1e56fd34408186e4bbccfd4996cb3dc -> 
  custom:container-muxer-webm: aa71ff27fc2769a1b78a27578f13a17b -> 
  custom:container-demuxer-webm: 4f35f7cbe854078d1ac9338744f61a02 -> 
  custom:video-encoder-webm-vp8: eb34c28f22e8b96e1ab97ce403110664 -> 
  custom:video-codec-MediaFoundation-h265: 746d11721c4dcdbdad8f713fa42b33f4 -> 
  custom:audio-encoder-webm-vorbis: bf7c407c2cedff20999df2af8eb42d56 -> 
  custom:framework-win-MediaFoundation: 216162199b28c13a410421893ffa2e32 -> 
  custom:container-demuxer-ogg: 62fdf1f143b41e24485cea50d1cbac27 -> 
  custom:video-decoder-webm-vp8: 9c59270c3fd7afecdb556c50c9e8de78 -> 
  custom:audio-decoder-ogg-vorbis: bf7c407c2cedff20999df2af8eb42d56 -> 
========================================================================
Received Import Request.
  Time since last request: 30.063381 seconds.
  path: Assets/Prefabs/Enemies/Common/Green Koopa.prefab
  artifactKey: Guid(074b484221f275a45aaf0fbd0a50fc0d) Importer(815301076,1909f56bfc062723c751e8b465ee728b)
Start importing Assets/Prefabs/Enemies/Common/Green Koopa.prefab using Guid(074b484221f275a45aaf0fbd0a50fc0d) Importer(815301076,1909f56bfc062723c751e8b465ee728b)  -> (artifact id: 'a612713be00eb5d7e24aebd008ec61c0') in 0.070608 seconds 
========================================================================
Received Import Request.
  Time since last request: 13.116689 seconds.
  path: Assets/Prefabs/Enemies/Common/Goomba.prefab
  artifactKey: Guid(765dd5d9ad5f48340b79804d4bb035d1) Importer(815301076,1909f56bfc062723c751e8b465ee728b)
Start importing Assets/Prefabs/Enemies/Common/Goomba.prefab using Guid(765dd5d9ad5f48340b79804d4bb035d1) Importer(815301076,1909f56bfc062723c751e8b465ee728b)  -> (artifact id: '9516f6a83794e38b894192edceb92e45') in 0.012935 seconds 
========================================================================
Received Import Request.
  Time since last request: 2.036778 seconds.
  path: Assets/Prefabs/Enemies/Common/Goomba.prefab
  artifactKey: Guid(765dd5d9ad5f48340b79804d4bb035d1) Importer(815301076,1909f56bfc062723c751e8b465ee728b)
Start importing Assets/Prefabs/Enemies/Common/Goomba.prefab using Guid(765dd5d9ad5f48340b79804d4bb035d1) Importer(815301076,1909f56bfc062723c751e8b465ee728b)  -> (artifact id: 'e20bdec22af9d69aa777fbd8147f39da') in 0.013594 seconds 
========================================================================
Received Import Request.
  Time since last request: 3.827629 seconds.
  path: Assets/Prefabs/Enemies/Common/Bomb-omb.prefab
  artifactKey: Guid(aa486fa6eb388604abfb75f39fa05775) Importer(815301076,1909f56bfc062723c751e8b465ee728b)
Start importing Assets/Prefabs/Enemies/Common/Bomb-omb.prefab using Guid(aa486fa6eb388604abfb75f39fa05775) Importer(815301076,1909f56bfc062723c751e8b465ee728b)  -> (artifact id: '3e8b534a6b886cb5ef31acc16896500b') in 0.021227 seconds 
========================================================================
Received Import Request.
  Time since last request: 1.844105 seconds.
  path: Assets/Prefabs/Enemies/Common/Bomb-omb.prefab
  artifactKey: Guid(aa486fa6eb388604abfb75f39fa05775) Importer(815301076,1909f56bfc062723c751e8b465ee728b)
Start importing Assets/Prefabs/Enemies/Common/Bomb-omb.prefab using Guid(aa486fa6eb388604abfb75f39fa05775) Importer(815301076,1909f56bfc062723c751e8b465ee728b)  -> (artifact id: 'c9fe06c4f97835cd4b183182594227b6') in 0.019807 seconds 
========================================================================
Received Import Request.
  Time since last request: 8.790786 seconds.
  path: Assets/Prefabs/Enemies/Common/Green Koopa.prefab
  artifactKey: Guid(074b484221f275a45aaf0fbd0a50fc0d) Importer(815301076,1909f56bfc062723c751e8b465ee728b)
Start importing Assets/Prefabs/Enemies/Common/Green Koopa.prefab using Guid(074b484221f275a45aaf0fbd0a50fc0d) Importer(815301076,1909f56bfc062723c751e8b465ee728b)  -> (artifact id: '117eb6a7d437668253fe2dcaf732d6b3') in 0.018301 seconds 
========================================================================
Received Import Request.
  Time since last request: 4.975593 seconds.
  path: Assets/Prefabs/Enemies/Common/Green Koopa.prefab
  artifactKey: Guid(074b484221f275a45aaf0fbd0a50fc0d) Importer(815301076,1909f56bfc062723c751e8b465ee728b)
Start importing Assets/Prefabs/Enemies/Common/Green Koopa.prefab using Guid(074b484221f275a45aaf0fbd0a50fc0d) Importer(815301076,1909f56bfc062723c751e8b465ee728b)  -> (artifact id: '36dc2c5846f3de4bea4be0d7ec732502') in 0.015484 seconds 
========================================================================
Received Import Request.
  Time since last request: 2.700782 seconds.
  path: Assets/Prefabs/Enemies/Common/Green Koopa.prefab
  artifactKey: Guid(074b484221f275a45aaf0fbd0a50fc0d) Importer(815301076,1909f56bfc062723c751e8b465ee728b)
Start importing Assets/Prefabs/Enemies/Common/Green Koopa.prefab using Guid(074b484221f275a45aaf0fbd0a50fc0d) Importer(815301076,1909f56bfc062723c751e8b465ee728b)  -> (artifact id: '123abc62750adc83e5acc0b4539e1aec') in 0.013621 seconds 
========================================================================
Received Import Request.
  Time since last request: 4.169485 seconds.
  path: Assets/Prefabs/Enemies/Common/Green Koopa.prefab
  artifactKey: Guid(074b484221f275a45aaf0fbd0a50fc0d) Importer(815301076,1909f56bfc062723c751e8b465ee728b)
Start importing Assets/Prefabs/Enemies/Common/Green Koopa.prefab using Guid(074b484221f275a45aaf0fbd0a50fc0d) Importer(815301076,1909f56bfc062723c751e8b465ee728b)  -> (artifact id: '0daef3be6b9406017f9b3a5bd883c906') in 0.017413 seconds 
========================================================================
Received Import Request.
  Time since last request: 0.614314 seconds.
  path: Assets/Prefabs/Enemies/Common/Green Koopa.prefab
  artifactKey: Guid(074b484221f275a45aaf0fbd0a50fc0d) Importer(815301076,1909f56bfc062723c751e8b465ee728b)
Start importing Assets/Prefabs/Enemies/Common/Green Koopa.prefab using Guid(074b484221f275a45aaf0fbd0a50fc0d) Importer(815301076,1909f56bfc062723c751e8b465ee728b)  -> (artifact id: '1c2349dca3f9fe72eb2033507c3334f1') in 0.019262 seconds 
========================================================================
Received Import Request.
  Time since last request: 0.795994 seconds.
  path: Assets/Prefabs/Enemies/Common/Green Koopa.prefab
  artifactKey: Guid(074b484221f275a45aaf0fbd0a50fc0d) Importer(815301076,1909f56bfc062723c751e8b465ee728b)
Start importing Assets/Prefabs/Enemies/Common/Green Koopa.prefab using Guid(074b484221f275a45aaf0fbd0a50fc0d) Importer(815301076,1909f56bfc062723c751e8b465ee728b)  -> (artifact id: 'f12e3a5a98b27a2572cfe50ba9012a3f') in 0.018829 seconds 
========================================================================
Received Import Request.
  Time since last request: 30.529516 seconds.
  path: Assets/Prefabs/Enemies/Common/Green Koopa.prefab
  artifactKey: Guid(074b484221f275a45aaf0fbd0a50fc0d) Importer(815301076,1909f56bfc062723c751e8b465ee728b)
Start importing Assets/Prefabs/Enemies/Common/Green Koopa.prefab using Guid(074b484221f275a45aaf0fbd0a50fc0d) Importer(815301076,1909f56bfc062723c751e8b465ee728b)  -> (artifact id: '11d955b906cbe48288540d226b1d75ba') in 0.015995 seconds 
========================================================================
Received Import Request.
  Time since last request: 14.412178 seconds.
  path: Assets/Prefabs/Enemies/Common/Green Shell.prefab
  artifactKey: Guid(984221b369edc2046b1367ff08c05bf4) Importer(815301076,1909f56bfc062723c751e8b465ee728b)
Start importing Assets/Prefabs/Enemies/Common/Green Shell.prefab using Guid(984221b369edc2046b1367ff08c05bf4) Importer(815301076,1909f56bfc062723c751e8b465ee728b)  -> (artifact id: '43dd061c684356d9206fdfaa2857639c') in 0.020112 seconds 
========================================================================
Received Import Request.
  Time since last request: 7.262247 seconds.
  path: Assets/Prefabs/Enemies/Common/Green Shell.prefab
  artifactKey: Guid(984221b369edc2046b1367ff08c05bf4) Importer(815301076,1909f56bfc062723c751e8b465ee728b)
Start importing Assets/Prefabs/Enemies/Common/Green Shell.prefab using Guid(984221b369edc2046b1367ff08c05bf4) Importer(815301076,1909f56bfc062723c751e8b465ee728b)  -> (artifact id: '99a2af60ab00e10f349ce58c3c146b4b') in 0.017486 seconds 
========================================================================
Received Import Request.
  Time since last request: 7.129546 seconds.
  path: Assets/Prefabs/Enemies/Common/Green Shell.prefab
  artifactKey: Guid(984221b369edc2046b1367ff08c05bf4) Importer(815301076,1909f56bfc062723c751e8b465ee728b)
Start importing Assets/Prefabs/Enemies/Common/Green Shell.prefab using Guid(984221b369edc2046b1367ff08c05bf4) Importer(815301076,1909f56bfc062723c751e8b465ee728b)  -> (artifact id: '83fea7d041a2db7c1dcb3de90dac59ed') in 0.020697 seconds 
========================================================================
Received Import Request.
  Time since last request: 42.449740 seconds.
  path: Assets/Prefabs/Enemies/Common/Green Shell.prefab
  artifactKey: Guid(984221b369edc2046b1367ff08c05bf4) Importer(815301076,1909f56bfc062723c751e8b465ee728b)
Start importing Assets/Prefabs/Enemies/Common/Green Shell.prefab using Guid(984221b369edc2046b1367ff08c05bf4) Importer(815301076,1909f56bfc062723c751e8b465ee728b)  -> (artifact id: '8b020513b61cc60fa77107c9e62742ca') in 0.015026 seconds 
========================================================================
Received Import Request.
  Time since last request: 10.114342 seconds.
  path: Assets/Prefabs/Enemies/Common/Spiny.prefab
  artifactKey: Guid(71a52c4ad23203b4780e9304f58c0f48) Importer(815301076,1909f56bfc062723c751e8b465ee728b)
Start importing Assets/Prefabs/Enemies/Common/Spiny.prefab using Guid(71a52c4ad23203b4780e9304f58c0f48) Importer(815301076,1909f56bfc062723c751e8b465ee728b)  -> (artifact id: 'a1a1218879e134d57a380a4f0d328238') in 0.015261 seconds 
========================================================================
Received Import Request.
  Time since last request: 176.370875 seconds.
  path: Assets/Prefabs/Mario/FireMario.prefab
  artifactKey: Guid(271da0c373742774ab4173946e1b47c4) Importer(815301076,1909f56bfc062723c751e8b465ee728b)
Start importing Assets/Prefabs/Mario/FireMario.prefab using Guid(271da0c373742774ab4173946e1b47c4) Importer(815301076,1909f56bfc062723c751e8b465ee728b)  -> (artifact id: '668d1547c6738a9c66ae9b831f0cad22') in 0.064041 seconds 
========================================================================
Received Import Request.
  Time since last request: 1.493124 seconds.
  path: Assets/Prefabs/Mario/Projectiles/Fireball.prefab
  artifactKey: Guid(452489a0d782e89448f16812be50c97b) Importer(815301076,1909f56bfc062723c751e8b465ee728b)
Start importing Assets/Prefabs/Mario/Projectiles/Fireball.prefab using Guid(452489a0d782e89448f16812be50c97b) Importer(815301076,1909f56bfc062723c751e8b465ee728b)  -> (artifact id: '601b2943f6002fc33eed1a99a7ac5d34') in 0.022040 seconds 
========================================================================
Received Import Request.
  Time since last request: 16.053097 seconds.
  path: Assets/Prefabs/Powerups/Fire Flower.prefab
  artifactKey: Guid(0519cbb4a43a082468e70ad1547360d6) Importer(815301076,1909f56bfc062723c751e8b465ee728b)
Start importing Assets/Prefabs/Powerups/Fire Flower.prefab using Guid(0519cbb4a43a082468e70ad1547360d6) Importer(815301076,1909f56bfc062723c751e8b465ee728b)  -> (artifact id: 'c69a6d438b92ecccb0ba3ef2ef3c8088') in 0.058179 seconds 
========================================================================
Received Prepare
Registering precompiled user dll's ...
Registered in 0.002757 seconds.
Begin MonoManager ReloadAssembly
Native extension for WindowsStandalone target not found
Refreshing native plugins compatible for Editor in 0.60 ms, found 1 plugins.
Preloading 0 native plugins for Editor in 0.00 ms.
Mono: successfully reloaded assembly
- Completed reload, in  0.797 seconds
Domain Reload Profiling:
	ReloadAssembly (798ms)
		BeginReloadAssembly (124ms)
			ExecutionOrderSort (0ms)
			DisableScriptedObjects (7ms)
			BackupInstance (0ms)
			ReleaseScriptingObjects (0ms)
			CreateAndSetChildDomain (30ms)
		EndReloadAssembly (558ms)
			LoadAssemblies (78ms)
			RebuildTransferFunctionScriptingTraits (0ms)
			SetupTypeCache (159ms)
			ReleaseScriptCaches (1ms)
			RebuildScriptCaches (37ms)
			SetupLoadedEditorAssemblies (239ms)
				LogAssemblyErrors (0ms)
				InitializePlatformSupportModulesInManaged (11ms)
				SetLoadedEditorAssemblies (0ms)
				RefreshPlugins (1ms)
				BeforeProcessingInitializeOnLoad (54ms)
				ProcessInitializeOnLoadAttributes (134ms)
				ProcessInitializeOnLoadMethodAttributes (31ms)
				AfterProcessingInitializeOnLoad (7ms)
				EditorAssembliesLoaded (0ms)
			ExecutionOrderSort2 (0ms)
			AwakeInstancesAfterBackupRestoration (10ms)
Platform modules already initialized, skipping
Refreshing native plugins compatible for Editor in 1.61 ms, found 1 plugins.
Preloading 0 native plugins for Editor in 0.00 ms.
Unloading 2015 Unused Serialized files (Serialized files now loaded: 0)
Unloading 13 unused Assets / (24.7 KB). Loaded Objects now: 2540.
Memory consumption went from 104.3 MB to 104.3 MB.
Total: 2.464700 ms (FindLiveObjects: 0.155600 ms CreateObjectMapping: 0.065300 ms MarkObjects: 2.224700 ms  DeleteObjects: 0.018200 ms)

AssetImportParameters requested are different than current active one (requested -> active):
  custom:video-decoder-ogg-theora: a1e56fd34408186e4bbccfd4996cb3dc -> 
  custom:container-muxer-webm: aa71ff27fc2769a1b78a27578f13a17b -> 
  custom:container-demuxer-webm: 4f35f7cbe854078d1ac9338744f61a02 -> 
  custom:video-encoder-webm-vp8: eb34c28f22e8b96e1ab97ce403110664 -> 
  custom:video-codec-MediaFoundation-h265: 746d11721c4dcdbdad8f713fa42b33f4 -> 
  custom:audio-encoder-webm-vorbis: bf7c407c2cedff20999df2af8eb42d56 -> 
  custom:framework-win-MediaFoundation: 216162199b28c13a410421893ffa2e32 -> 
  custom:container-demuxer-ogg: 62fdf1f143b41e24485cea50d1cbac27 -> 
  custom:video-decoder-webm-vp8: 9c59270c3fd7afecdb556c50c9e8de78 -> 
  custom:audio-decoder-ogg-vorbis: bf7c407c2cedff20999df2af8eb42d56 -> 
========================================================================
Received Import Request.
  Time since last request: 376.792863 seconds.
  path: Assets/Prefabs/Enemies/Common/Bomb-omb.prefab
  artifactKey: Guid(aa486fa6eb388604abfb75f39fa05775) Importer(815301076,1909f56bfc062723c751e8b465ee728b)
Start importing Assets/Prefabs/Enemies/Common/Bomb-omb.prefab using Guid(aa486fa6eb388604abfb75f39fa05775) Importer(815301076,1909f56bfc062723c751e8b465ee728b)  -> (artifact id: 'f027597f3e1b11936269cc4aef1695d4') in 0.080531 seconds 
========================================================================
Received Import Request.
  Time since last request: 0.000020 seconds.
  path: Assets/Prefabs/Enemies/Common/Green Shell.prefab
  artifactKey: Guid(984221b369edc2046b1367ff08c05bf4) Importer(815301076,1909f56bfc062723c751e8b465ee728b)
Start importing Assets/Prefabs/Enemies/Common/Green Shell.prefab using Guid(984221b369edc2046b1367ff08c05bf4) Importer(815301076,1909f56bfc062723c751e8b465ee728b)  -> (artifact id: 'e165b58968e01fea15cdae12e11df1b9') in 0.019045 seconds 
========================================================================
Received Import Request.
  Time since last request: 0.000020 seconds.
  path: Assets/Prefabs/Enemies/Common/Spiny.prefab
  artifactKey: Guid(71a52c4ad23203b4780e9304f58c0f48) Importer(815301076,1909f56bfc062723c751e8b465ee728b)
Start importing Assets/Prefabs/Enemies/Common/Spiny.prefab using Guid(71a52c4ad23203b4780e9304f58c0f48) Importer(815301076,1909f56bfc062723c751e8b465ee728b)  -> (artifact id: 'b84a66566f88f21e318395e3836fb1b2') in 0.019123 seconds 
========================================================================
Received Import Request.
  Time since last request: 0.000036 seconds.
  path: Assets/Prefabs/Enemies/Common/Green Koopa.prefab
  artifactKey: Guid(074b484221f275a45aaf0fbd0a50fc0d) Importer(815301076,1909f56bfc062723c751e8b465ee728b)
Start importing Assets/Prefabs/Enemies/Common/Green Koopa.prefab using Guid(074b484221f275a45aaf0fbd0a50fc0d) Importer(815301076,1909f56bfc062723c751e8b465ee728b)  -> (artifact id: '5acb2a71a80d4d5f8597c07f23208799') in 0.020259 seconds 
========================================================================
Received Import Request.
  Time since last request: 25.293130 seconds.
  path: Assets/Prefabs/Special Enemies/Goomba Stackable right.prefab
  artifactKey: Guid(ec33f7a5b0de8cd4daa613f219dd5899) Importer(815301076,1909f56bfc062723c751e8b465ee728b)
Start importing Assets/Prefabs/Special Enemies/Goomba Stackable right.prefab using Guid(ec33f7a5b0de8cd4daa613f219dd5899) Importer(815301076,1909f56bfc062723c751e8b465ee728b)  -> (artifact id: 'aa77d7ae4311d4b72aa39b78fea616d6') in 0.025725 seconds 
========================================================================
Received Import Request.
  Time since last request: 39.408146 seconds.
  path: Assets/Prefabs/Special Enemies/Goomba Stackable right.prefab
  artifactKey: Guid(ec33f7a5b0de8cd4daa613f219dd5899) Importer(815301076,1909f56bfc062723c751e8b465ee728b)
Start importing Assets/Prefabs/Special Enemies/Goomba Stackable right.prefab using Guid(ec33f7a5b0de8cd4daa613f219dd5899) Importer(815301076,1909f56bfc062723c751e8b465ee728b)  -> (artifact id: '88c3594f9676754f411389d484c19113') in 0.012559 seconds 
========================================================================
Received Import Request.
  Time since last request: 6.871304 seconds.
  path: Assets/Prefabs/Special Enemies/Goomba Stackable right.prefab
  artifactKey: Guid(ec33f7a5b0de8cd4daa613f219dd5899) Importer(815301076,1909f56bfc062723c751e8b465ee728b)
Start importing Assets/Prefabs/Special Enemies/Goomba Stackable right.prefab using Guid(ec33f7a5b0de8cd4daa613f219dd5899) Importer(815301076,1909f56bfc062723c751e8b465ee728b)  -> (artifact id: '88fbcdbc083e25cc991bf7040f7191f5') in 0.011756 seconds 
========================================================================
Received Import Request.
  Time since last request: 0.837862 seconds.
  path: Assets/Prefabs/Special Enemies/Goomba Stackable right.prefab
  artifactKey: Guid(ec33f7a5b0de8cd4daa613f219dd5899) Importer(815301076,1909f56bfc062723c751e8b465ee728b)
Start importing Assets/Prefabs/Special Enemies/Goomba Stackable right.prefab using Guid(ec33f7a5b0de8cd4daa613f219dd5899) Importer(815301076,1909f56bfc062723c751e8b465ee728b)  -> (artifact id: 'ec4ac547723d08e3c1defc6bc0cd8961') in 0.014857 seconds 
========================================================================
Received Import Request.
  Time since last request: 3.069644 seconds.
  path: Assets/Prefabs/Special Enemies/Goomba Stackable right.prefab
  artifactKey: Guid(ec33f7a5b0de8cd4daa613f219dd5899) Importer(815301076,1909f56bfc062723c751e8b465ee728b)
Start importing Assets/Prefabs/Special Enemies/Goomba Stackable right.prefab using Guid(ec33f7a5b0de8cd4daa613f219dd5899) Importer(815301076,1909f56bfc062723c751e8b465ee728b)  -> (artifact id: 'c17a9b6c4e80a8ca35841ba560f55f93') in 0.012227 seconds 
========================================================================
Received Import Request.
  Time since last request: 1.247333 seconds.
  path: Assets/Prefabs/Special Enemies/Goomba Stackable right.prefab
  artifactKey: Guid(ec33f7a5b0de8cd4daa613f219dd5899) Importer(815301076,1909f56bfc062723c751e8b465ee728b)
Start importing Assets/Prefabs/Special Enemies/Goomba Stackable right.prefab using Guid(ec33f7a5b0de8cd4daa613f219dd5899) Importer(815301076,1909f56bfc062723c751e8b465ee728b)  -> (artifact id: 'c85ba071f80b9ddd55605f88e9f749c5') in 0.012901 seconds 
========================================================================
Received Import Request.
  Time since last request: 0.822097 seconds.
  path: Assets/Prefabs/Special Enemies/Goomba Stackable right.prefab
  artifactKey: Guid(ec33f7a5b0de8cd4daa613f219dd5899) Importer(815301076,1909f56bfc062723c751e8b465ee728b)
Start importing Assets/Prefabs/Special Enemies/Goomba Stackable right.prefab using Guid(ec33f7a5b0de8cd4daa613f219dd5899) Importer(815301076,1909f56bfc062723c751e8b465ee728b)  -> (artifact id: 'd6aa9425be0f121cec0a79e0787d8f83') in 0.012954 seconds 
========================================================================
Received Import Request.
  Time since last request: 10.810212 seconds.
  path: Assets/Prefabs/Special Enemies/Goomba Stackable right.prefab
  artifactKey: Guid(ec33f7a5b0de8cd4daa613f219dd5899) Importer(815301076,1909f56bfc062723c751e8b465ee728b)
Start importing Assets/Prefabs/Special Enemies/Goomba Stackable right.prefab using Guid(ec33f7a5b0de8cd4daa613f219dd5899) Importer(815301076,1909f56bfc062723c751e8b465ee728b)  -> (artifact id: '24219888bec963c5e1bc2844c5fddf53') in 0.012894 seconds 
========================================================================
Received Import Request.
  Time since last request: 7.839261 seconds.
  path: Assets/Prefabs/Special Enemies/Goomba Stackable right.prefab
  artifactKey: Guid(ec33f7a5b0de8cd4daa613f219dd5899) Importer(815301076,1909f56bfc062723c751e8b465ee728b)
Start importing Assets/Prefabs/Special Enemies/Goomba Stackable right.prefab using Guid(ec33f7a5b0de8cd4daa613f219dd5899) Importer(815301076,1909f56bfc062723c751e8b465ee728b)  -> (artifact id: '30a8149b81228c532290e28ca2e196a0') in 0.014213 seconds 
========================================================================
Received Import Request.
  Time since last request: 18.682405 seconds.
  path: Assets/Prefabs/Special Enemies/PottedPlant.prefab
  artifactKey: Guid(e3ecd1374934dd64780c7a20b64ad83e) Importer(815301076,1909f56bfc062723c751e8b465ee728b)
Start importing Assets/Prefabs/Special Enemies/PottedPlant.prefab using Guid(e3ecd1374934dd64780c7a20b64ad83e) Importer(815301076,1909f56bfc062723c751e8b465ee728b)  -> (artifact id: '1b0dd8efcbc7412f2d7497c905848c49') in 0.014528 seconds 
========================================================================
Received Import Request.
  Time since last request: 39.137847 seconds.
  path: Assets/Prefabs/Special Enemies/Spike Head Goomba.prefab
  artifactKey: Guid(996ceb0dfac6ccf48b814ff0c839013f) Importer(815301076,1909f56bfc062723c751e8b465ee728b)
Start importing Assets/Prefabs/Special Enemies/Spike Head Goomba.prefab using Guid(996ceb0dfac6ccf48b814ff0c839013f) Importer(815301076,1909f56bfc062723c751e8b465ee728b)  -> (artifact id: '30f6933657e00c2966dca250bd17618f') in 0.013336 seconds 
========================================================================
Received Prepare
Registering precompiled user dll's ...
Registered in 0.002863 seconds.
Begin MonoManager ReloadAssembly
Native extension for WindowsStandalone target not found
Refreshing native plugins compatible for Editor in 0.74 ms, found 1 plugins.
Preloading 0 native plugins for Editor in 0.00 ms.
Mono: successfully reloaded assembly
- Completed reload, in  1.004 seconds
Domain Reload Profiling:
	ReloadAssembly (1006ms)
		BeginReloadAssembly (125ms)
			ExecutionOrderSort (0ms)
			DisableScriptedObjects (7ms)
			BackupInstance (0ms)
			ReleaseScriptingObjects (0ms)
			CreateAndSetChildDomain (27ms)
		EndReloadAssembly (759ms)
			LoadAssemblies (80ms)
			RebuildTransferFunctionScriptingTraits (0ms)
			SetupTypeCache (186ms)
			ReleaseScriptCaches (1ms)
			RebuildScriptCaches (50ms)
			SetupLoadedEditorAssemblies (336ms)
				LogAssemblyErrors (0ms)
				InitializePlatformSupportModulesInManaged (15ms)
				SetLoadedEditorAssemblies (1ms)
				RefreshPlugins (1ms)
				BeforeProcessingInitializeOnLoad (86ms)
				ProcessInitializeOnLoadAttributes (180ms)
				ProcessInitializeOnLoadMethodAttributes (45ms)
				AfterProcessingInitializeOnLoad (9ms)
				EditorAssembliesLoaded (0ms)
			ExecutionOrderSort2 (0ms)
			AwakeInstancesAfterBackupRestoration (12ms)
Platform modules already initialized, skipping
Refreshing native plugins compatible for Editor in 2.30 ms, found 1 plugins.
Preloading 0 native plugins for Editor in 0.00 ms.
Unloading 2015 Unused Serialized files (Serialized files now loaded: 0)
Unloading 13 unused Assets / (24.6 KB). Loaded Objects now: 2543.
Memory consumption went from 104.3 MB to 104.3 MB.
Total: 3.204800 ms (FindLiveObjects: 0.349400 ms CreateObjectMapping: 0.096500 ms MarkObjects: 2.727400 ms  DeleteObjects: 0.030100 ms)

AssetImportParameters requested are different than current active one (requested -> active):
  custom:video-decoder-ogg-theora: a1e56fd34408186e4bbccfd4996cb3dc -> 
  custom:container-muxer-webm: aa71ff27fc2769a1b78a27578f13a17b -> 
  custom:container-demuxer-webm: 4f35f7cbe854078d1ac9338744f61a02 -> 
  custom:video-encoder-webm-vp8: eb34c28f22e8b96e1ab97ce403110664 -> 
  custom:video-codec-MediaFoundation-h265: 746d11721c4dcdbdad8f713fa42b33f4 -> 
  custom:audio-encoder-webm-vorbis: bf7c407c2cedff20999df2af8eb42d56 -> 
  custom:framework-win-MediaFoundation: 216162199b28c13a410421893ffa2e32 -> 
  custom:container-demuxer-ogg: 62fdf1f143b41e24485cea50d1cbac27 -> 
  custom:video-decoder-webm-vp8: 9c59270c3fd7afecdb556c50c9e8de78 -> 
  custom:audio-decoder-ogg-vorbis: bf7c407c2cedff20999df2af8eb42d56 -> 
========================================================================
Received Prepare
Registering precompiled user dll's ...
Registered in 0.005637 seconds.
Begin MonoManager ReloadAssembly
Native extension for WindowsStandalone target not found
Refreshing native plugins compatible for Editor in 0.80 ms, found 1 plugins.
Preloading 0 native plugins for Editor in 0.00 ms.
Mono: successfully reloaded assembly
- Completed reload, in  1.222 seconds
Domain Reload Profiling:
	ReloadAssembly (1223ms)
		BeginReloadAssembly (173ms)
			ExecutionOrderSort (0ms)
			DisableScriptedObjects (10ms)
			BackupInstance (0ms)
			ReleaseScriptingObjects (0ms)
			CreateAndSetChildDomain (41ms)
		EndReloadAssembly (902ms)
			LoadAssemblies (106ms)
			RebuildTransferFunctionScriptingTraits (0ms)
			SetupTypeCache (249ms)
			ReleaseScriptCaches (1ms)
			RebuildScriptCaches (75ms)
			SetupLoadedEditorAssemblies (399ms)
				LogAssemblyErrors (0ms)
				InitializePlatformSupportModulesInManaged (17ms)
				SetLoadedEditorAssemblies (1ms)
				RefreshPlugins (1ms)
				BeforeProcessingInitializeOnLoad (102ms)
				ProcessInitializeOnLoadAttributes (218ms)
				ProcessInitializeOnLoadMethodAttributes (48ms)
				AfterProcessingInitializeOnLoad (12ms)
				EditorAssembliesLoaded (0ms)
			ExecutionOrderSort2 (0ms)
			AwakeInstancesAfterBackupRestoration (12ms)
Platform modules already initialized, skipping
Refreshing native plugins compatible for Editor in 2.10 ms, found 1 plugins.
Preloading 0 native plugins for Editor in 0.00 ms.
Unloading 2015 Unused Serialized files (Serialized files now loaded: 0)
Unloading 13 unused Assets / (24.7 KB). Loaded Objects now: 2546.
Memory consumption went from 104.3 MB to 104.3 MB.
Total: 3.025200 ms (FindLiveObjects: 0.186300 ms CreateObjectMapping: 0.083900 ms MarkObjects: 2.729900 ms  DeleteObjects: 0.023900 ms)

AssetImportParameters requested are different than current active one (requested -> active):
  custom:video-decoder-ogg-theora: a1e56fd34408186e4bbccfd4996cb3dc -> 
  custom:container-muxer-webm: aa71ff27fc2769a1b78a27578f13a17b -> 
  custom:container-demuxer-webm: 4f35f7cbe854078d1ac9338744f61a02 -> 
  custom:video-encoder-webm-vp8: eb34c28f22e8b96e1ab97ce403110664 -> 
  custom:video-codec-MediaFoundation-h265: 746d11721c4dcdbdad8f713fa42b33f4 -> 
  custom:audio-encoder-webm-vorbis: bf7c407c2cedff20999df2af8eb42d56 -> 
  custom:framework-win-MediaFoundation: 216162199b28c13a410421893ffa2e32 -> 
  custom:container-demuxer-ogg: 62fdf1f143b41e24485cea50d1cbac27 -> 
  custom:video-decoder-webm-vp8: 9c59270c3fd7afecdb556c50c9e8de78 -> 
  custom:audio-decoder-ogg-vorbis: bf7c407c2cedff20999df2af8eb42d56 -> 
========================================================================
Received Prepare
Registering precompiled user dll's ...
Registered in 0.002912 seconds.
Begin MonoManager ReloadAssembly
Native extension for WindowsStandalone target not found
Refreshing native plugins compatible for Editor in 0.76 ms, found 1 plugins.
Preloading 0 native plugins for Editor in 0.00 ms.
Mono: successfully reloaded assembly
- Completed reload, in  1.300 seconds
Domain Reload Profiling:
	ReloadAssembly (1301ms)
		BeginReloadAssembly (184ms)
			ExecutionOrderSort (0ms)
			DisableScriptedObjects (9ms)
			BackupInstance (0ms)
			ReleaseScriptingObjects (0ms)
			CreateAndSetChildDomain (41ms)
		EndReloadAssembly (953ms)
			LoadAssemblies (120ms)
			RebuildTransferFunctionScriptingTraits (0ms)
			SetupTypeCache (228ms)
			ReleaseScriptCaches (2ms)
			RebuildScriptCaches (69ms)
			SetupLoadedEditorAssemblies (454ms)
				LogAssemblyErrors (0ms)
				InitializePlatformSupportModulesInManaged (21ms)
				SetLoadedEditorAssemblies (1ms)
				RefreshPlugins (1ms)
				BeforeProcessingInitializeOnLoad (96ms)
				ProcessInitializeOnLoadAttributes (262ms)
				ProcessInitializeOnLoadMethodAttributes (58ms)
				AfterProcessingInitializeOnLoad (15ms)
				EditorAssembliesLoaded (0ms)
			ExecutionOrderSort2 (0ms)
			AwakeInstancesAfterBackupRestoration (16ms)
Platform modules already initialized, skipping
Refreshing native plugins compatible for Editor in 3.71 ms, found 1 plugins.
Preloading 0 native plugins for Editor in 0.00 ms.
Unloading 2015 Unused Serialized files (Serialized files now loaded: 0)
Unloading 13 unused Assets / (24.7 KB). Loaded Objects now: 2549.
Memory consumption went from 104.4 MB to 104.3 MB.
Total: 6.334800 ms (FindLiveObjects: 0.316900 ms CreateObjectMapping: 0.370400 ms MarkObjects: 5.589500 ms  DeleteObjects: 0.056100 ms)

AssetImportParameters requested are different than current active one (requested -> active):
  custom:video-decoder-ogg-theora: a1e56fd34408186e4bbccfd4996cb3dc -> 
  custom:container-muxer-webm: aa71ff27fc2769a1b78a27578f13a17b -> 
  custom:container-demuxer-webm: 4f35f7cbe854078d1ac9338744f61a02 -> 
  custom:video-encoder-webm-vp8: eb34c28f22e8b96e1ab97ce403110664 -> 
  custom:video-codec-MediaFoundation-h265: 746d11721c4dcdbdad8f713fa42b33f4 -> 
  custom:audio-encoder-webm-vorbis: bf7c407c2cedff20999df2af8eb42d56 -> 
  custom:framework-win-MediaFoundation: 216162199b28c13a410421893ffa2e32 -> 
  custom:container-demuxer-ogg: 62fdf1f143b41e24485cea50d1cbac27 -> 
  custom:video-decoder-webm-vp8: 9c59270c3fd7afecdb556c50c9e8de78 -> 
  custom:audio-decoder-ogg-vorbis: bf7c407c2cedff20999df2af8eb42d56 -> 
========================================================================
Received Prepare
Registering precompiled user dll's ...
Registered in 0.003052 seconds.
Begin MonoManager ReloadAssembly
Native extension for WindowsStandalone target not found
Refreshing native plugins compatible for Editor in 1.00 ms, found 1 plugins.
Preloading 0 native plugins for Editor in 0.00 ms.
Mono: successfully reloaded assembly
- Completed reload, in  1.388 seconds
Domain Reload Profiling:
	ReloadAssembly (1389ms)
		BeginReloadAssembly (183ms)
			ExecutionOrderSort (0ms)
			DisableScriptedObjects (11ms)
			BackupInstance (0ms)
			ReleaseScriptingObjects (0ms)
			CreateAndSetChildDomain (32ms)
		EndReloadAssembly (1042ms)
			LoadAssemblies (120ms)
			RebuildTransferFunctionScriptingTraits (0ms)
			SetupTypeCache (224ms)
			ReleaseScriptCaches (2ms)
			RebuildScriptCaches (103ms)
			SetupLoadedEditorAssemblies (466ms)
				LogAssemblyErrors (0ms)
				InitializePlatformSupportModulesInManaged (19ms)
				SetLoadedEditorAssemblies (1ms)
				RefreshPlugins (1ms)
				BeforeProcessingInitializeOnLoad (107ms)
				ProcessInitializeOnLoadAttributes (271ms)
				ProcessInitializeOnLoadMethodAttributes (54ms)
				AfterProcessingInitializeOnLoad (13ms)
				EditorAssembliesLoaded (0ms)
			ExecutionOrderSort2 (0ms)
			AwakeInstancesAfterBackupRestoration (16ms)
Platform modules already initialized, skipping
Refreshing native plugins compatible for Editor in 2.57 ms, found 1 plugins.
Preloading 0 native plugins for Editor in 0.00 ms.
Unloading 2015 Unused Serialized files (Serialized files now loaded: 0)
Unloading 13 unused Assets / (24.6 KB). Loaded Objects now: 2552.
Memory consumption went from 104.4 MB to 104.3 MB.
Total: 4.312500 ms (FindLiveObjects: 0.227400 ms CreateObjectMapping: 0.108100 ms MarkObjects: 3.939300 ms  DeleteObjects: 0.036000 ms)

AssetImportParameters requested are different than current active one (requested -> active):
  custom:video-decoder-ogg-theora: a1e56fd34408186e4bbccfd4996cb3dc -> 
  custom:container-muxer-webm: aa71ff27fc2769a1b78a27578f13a17b -> 
  custom:container-demuxer-webm: 4f35f7cbe854078d1ac9338744f61a02 -> 
  custom:video-encoder-webm-vp8: eb34c28f22e8b96e1ab97ce403110664 -> 
  custom:video-codec-MediaFoundation-h265: 746d11721c4dcdbdad8f713fa42b33f4 -> 
  custom:audio-encoder-webm-vorbis: bf7c407c2cedff20999df2af8eb42d56 -> 
  custom:framework-win-MediaFoundation: 216162199b28c13a410421893ffa2e32 -> 
  custom:container-demuxer-ogg: 62fdf1f143b41e24485cea50d1cbac27 -> 
  custom:video-decoder-webm-vp8: 9c59270c3fd7afecdb556c50c9e8de78 -> 
  custom:audio-decoder-ogg-vorbis: bf7c407c2cedff20999df2af8eb42d56 -> 
